0 info it worked if it ends with ok
1 verbose cli [ '/usr/bin/node', '/usr/bin/npm', 'install' ]
2 info using npm@1.4.28
3 info using node@v0.10.33
4 verbose node symlink /usr/bin/node
5 verbose readDependencies using package.json deps
6 verbose install where, deps [ '/home/lostdrifter/Development/frg-coreui',
6 verbose install   [ 'async',
6 verbose install     'grunt',
6 verbose install     'grunt-contrib-clean',
6 verbose install     'grunt-contrib-concat',
6 verbose install     'grunt-contrib-connect',
6 verbose install     'grunt-contrib-copy',
6 verbose install     'grunt-contrib-jshint',
6 verbose install     'grunt-contrib-requirejs',
6 verbose install     'grunt-contrib-uglify',
6 verbose install     'grunt-contrib-watch',
6 verbose install     'grunt-sass',
6 verbose install     'load-grunt-tasks' ] ]
7 info preinstall coreui@0.0.1
8 verbose readDependencies using package.json deps
9 verbose already installed skipping grunt-contrib-clean@^0.6.0 /home/lostdrifter/Development/frg-coreui
10 verbose already installed skipping grunt-contrib-concat@^0.5.0 /home/lostdrifter/Development/frg-coreui
11 verbose already installed skipping grunt-contrib-connect@^0.9.0 /home/lostdrifter/Development/frg-coreui
12 verbose already installed skipping grunt-contrib-copy@^0.7.0 /home/lostdrifter/Development/frg-coreui
13 verbose already installed skipping grunt-contrib-jshint@^0.11.0 /home/lostdrifter/Development/frg-coreui
14 verbose already installed skipping grunt-contrib-requirejs@^0.4.4 /home/lostdrifter/Development/frg-coreui
15 verbose already installed skipping grunt-contrib-uglify@^0.7.0 /home/lostdrifter/Development/frg-coreui
16 verbose already installed skipping grunt-contrib-watch@^0.6.1 /home/lostdrifter/Development/frg-coreui
17 verbose already installed skipping grunt-sass@^0.16.1 /home/lostdrifter/Development/frg-coreui
18 verbose already installed skipping load-grunt-tasks@^3.0.0 /home/lostdrifter/Development/frg-coreui
19 verbose cache add [ 'async@^0.9.2', null ]
20 verbose cache add name=undefined spec="async@^0.9.2" args=["async@^0.9.2",null]
21 verbose parsed url { protocol: null,
21 verbose parsed url   slashes: null,
21 verbose parsed url   auth: null,
21 verbose parsed url   host: null,
21 verbose parsed url   port: null,
21 verbose parsed url   hostname: null,
21 verbose parsed url   hash: null,
21 verbose parsed url   search: null,
21 verbose parsed url   query: null,
21 verbose parsed url   pathname: 'async@^0.9.2',
21 verbose parsed url   path: 'async@^0.9.2',
21 verbose parsed url   href: 'async@^0.9.2' }
22 verbose already installed skipping grunt@^0.4.5 /home/lostdrifter/Development/frg-coreui
23 verbose cache add name="async" spec="^0.9.2" args=["async","^0.9.2"]
24 verbose parsed url { protocol: null,
24 verbose parsed url   slashes: null,
24 verbose parsed url   auth: null,
24 verbose parsed url   host: null,
24 verbose parsed url   port: null,
24 verbose parsed url   hostname: null,
24 verbose parsed url   hash: null,
24 verbose parsed url   search: null,
24 verbose parsed url   query: null,
24 verbose parsed url   pathname: '^0.9.2',
24 verbose parsed url   path: '^0.9.2',
24 verbose parsed url   href: '^0.9.2' }
25 verbose addNamed [ 'async', '^0.9.2' ]
26 verbose addNamed [ null, '>=0.9.2-0 <0.10.0-0' ]
27 silly lockFile bee9c590-async-0-9-2 async@^0.9.2
28 verbose lock async@^0.9.2 /home/lostdrifter/.npm/bee9c590-async-0-9-2.lock
29 silly addNameRange { name: 'async', range: '>=0.9.2-0 <0.10.0-0', hasData: false }
30 verbose request where is /async
31 verbose request registry https://registry.npmjs.org/
32 verbose request id af11bea7d2d95ca6
33 verbose url raw /async
34 verbose url resolving [ 'https://registry.npmjs.org/', './async' ]
35 verbose url resolved https://registry.npmjs.org/async
36 verbose request where is https://registry.npmjs.org/async
37 info trying registry request attempt 1 at 18:53:35
38 verbose etag "8KN7G7I6L2BY3WJCC2YAT651F"
39 http GET https://registry.npmjs.org/async
40 http 304 https://registry.npmjs.org/async
41 silly registry.get cb [ 304,
41 silly registry.get   { date: 'Tue, 24 Feb 2015 23:53:35 GMT',
41 silly registry.get     server: 'Apache',
41 silly registry.get     via: '1.1 varnish',
41 silly registry.get     'last-modified': 'Tue, 24 Feb 2015 23:53:19 GMT',
41 silly registry.get     'cache-control': 'max-age=60',
41 silly registry.get     etag: '"8KN7G7I6L2BY3WJCC2YAT651F"',
41 silly registry.get     age: '16',
41 silly registry.get     'x-served-by': 'cache-dfw1829-DFW',
41 silly registry.get     'x-cache': 'HIT',
41 silly registry.get     'x-cache-hits': '2',
41 silly registry.get     'x-timer': 'S1424822015.438425,VS0,VE0',
41 silly registry.get     vary: 'Accept',
41 silly registry.get     'content-length': '0',
41 silly registry.get     'keep-alive': 'timeout=10, max=50',
41 silly registry.get     connection: 'Keep-Alive' } ]
42 verbose etag https://registry.npmjs.org/async from cache
43 silly addNameRange number 2 { name: 'async', range: '>=0.9.2-0 <0.10.0-0', hasData: true }
44 silly addNameRange versions [ 'async',
44 silly addNameRange   [ '0.1.0',
44 silly addNameRange     '0.1.1',
44 silly addNameRange     '0.1.2',
44 silly addNameRange     '0.1.3',
44 silly addNameRange     '0.1.4',
44 silly addNameRange     '0.1.5',
44 silly addNameRange     '0.1.6',
44 silly addNameRange     '0.1.7',
44 silly addNameRange     '0.1.8',
44 silly addNameRange     '0.1.9',
44 silly addNameRange     '0.1.10',
44 silly addNameRange     '0.1.11',
44 silly addNameRange     '0.1.12',
44 silly addNameRange     '0.1.13',
44 silly addNameRange     '0.1.14',
44 silly addNameRange     '0.1.15',
44 silly addNameRange     '0.1.16',
44 silly addNameRange     '0.1.17',
44 silly addNameRange     '0.1.18',
44 silly addNameRange     '0.1.19',
44 silly addNameRange     '0.1.20',
44 silly addNameRange     '0.1.21',
44 silly addNameRange     '0.1.22',
44 silly addNameRange     '0.2.0',
44 silly addNameRange     '0.2.1',
44 silly addNameRange     '0.2.2',
44 silly addNameRange     '0.2.3',
44 silly addNameRange     '0.2.4',
44 silly addNameRange     '0.2.5',
44 silly addNameRange     '0.2.6',
44 silly addNameRange     '0.2.7',
44 silly addNameRange     '0.2.8',
44 silly addNameRange     '0.2.9',
44 silly addNameRange     '0.2.10',
44 silly addNameRange     '0.3.0',
44 silly addNameRange     '0.4.0',
44 silly addNameRange     '0.4.1',
44 silly addNameRange     '0.5.0',
44 silly addNameRange     '0.6.0',
44 silly addNameRange     '0.6.1',
44 silly addNameRange     '0.6.2',
44 silly addNameRange     '0.7.0',
44 silly addNameRange     '0.8.0',
44 silly addNameRange     '0.9.0' ] ]
45 silly lockFile bee9c590-async-0-9-2 async@^0.9.2
46 silly lockFile bee9c590-async-0-9-2 async@^0.9.2
47 error notarget No compatible version found: async@'>=0.9.2-0 <0.10.0-0'
47 error notarget Valid install targets:
47 error notarget ["0.1.0","0.1.1","0.1.2","0.1.3","0.1.4","0.1.5","0.1.6","0.1.7","0.1.8","0.1.9","0.1.10","0.1.11","0.1.12","0.1.13","0.1.14","0.1.15","0.1.16","0.1.17","0.1.18","0.1.19","0.1.20","0.1.21","0.1.22","0.2.0","0.2.1","0.2.2","0.2.3","0.2.4","0.2.5","0.2.6","0.2.7","0.2.8","0.2.9","0.2.10","0.3.0","0.4.0","0.4.1","0.5.0","0.6.0","0.6.1","0.6.2","0.7.0","0.8.0","0.9.0"]
47 error notarget
47 error notarget This is most likely not a problem with npm itself.
47 error notarget In most cases you or one of your dependencies are requesting
47 error notarget a package version that doesn't exist.
48 error System Linux 3.13.0-37-generic
49 error command "/usr/bin/node" "/usr/bin/npm" "install"
50 error cwd /home/lostdrifter/Development/frg-coreui
51 error node -v v0.10.33
52 error npm -v 1.4.28
53 error code ETARGET
54 verbose exit [ 1, true ]
